# JRE version: Java(TM) SE Runtime Environment (8.0_144-b01) (build 1.8.0_144-b01)
# Java VM: Java HotSpot(TM) 64-Bit Server VM (25.144-b01 mixed mode linux-amd64 compressed oops)
Heap:
 PSYoungGen      total 2637312K, used 1887850K [0x0000000718e00000, 0x00000007c0000000, 0x00000007c0000000)
  eden space 2578432K, 70% used [0x0000000718e00000,0x000000078881d078,0x00000007b6400000)
  from space 58880K, 99% used [0x00000007bc680000,0x00000007bfffd820,0x00000007c0000000)
  to   space 79872K, 0% used [0x00000007b6400000,0x00000007b6400000,0x00000007bb200000)
 ParOldGen       total 343040K, used 250285K [0x00000005caa00000, 0x00000005df900000, 0x0000000718e00000)
  object space 343040K, 72% used [0x00000005caa00000,0x00000005d9e6b648,0x00000005df900000)
 Metaspace       used 16466K, capacity 16760K, committed 17152K, reserved 1064960K
  class space    used 1910K, capacity 1998K, committed 2048K, reserved 1048576K
GC Heap History (10 events):
Event: 8.901 GC heap before
{Heap before GC invocations=10 (full 0):
 PSYoungGen      total 2101248K, used 2101234K [0x0000000718e00000, 0x00000007c0000000, 0x00000007c0000000)
  eden space 2054656K, 100% used [0x0000000718e00000,0x0000000796480000,0x0000000796480000)
  from space 46592K, 99% used [0x0000000796480000,0x00000007991fc9b0,0x0000000799200000)
  to   space 60416K, 0% used [0x00000007bc500000,0x00000007bc500000,0x00000007c0000000)
 ParOldGen       total 343040K, used 60666K [0x00000005caa00000, 0x00000005df900000, 0x0000000718e00000)
  object space 343040K, 17% used [0x00000005caa00000,0x00000005ce53e978,0x00000005df900000)
 Metaspace       used 5919K, capacity 6150K, committed 6528K, reserved 1056768K
  class space    used 671K, capacity 772K, committed 896K, reserved 1048576K
Event: 8.954 GC heap after
Heap after GC invocations=10 (full 0):
 PSYoungGen      total 2665472K, used 57915K [0x0000000718e00000, 0x00000007c0000000, 0x00000007c0000000)
  eden space 2605056K, 0% used [0x0000000718e00000,0x0000000718e00000,0x00000007b7e00000)
  from space 60416K, 95% used [0x00000007bc500000,0x00000007bfd8ee38,0x00000007c0000000)
  to   space 66560K, 0% used [0x00000007b7e00000,0x00000007b7e00000,0x00000007bbf00000)
 ParOldGen       total 343040K, used 78362K [0x00000005caa00000, 0x00000005df900000, 0x0000000718e00000)
  object space 343040K, 22% used [0x00000005caa00000,0x00000005cf686998,0x00000005df900000)
 Metaspace       used 5919K, capacity 6150K, committed 6528K, reserved 1056768K
  class space    used 671K, capacity 772K, committed 896K, reserved 1048576K
}
Event: 11.582 GC heap before
{Heap before GC invocations=11 (full 0):
 PSYoungGen      total 2665472K, used 2662971K [0x0000000718e00000, 0x00000007c0000000, 0x00000007c0000000)
  eden space 2605056K, 100% used [0x0000000718e00000,0x00000007b7e00000,0x00000007b7e00000)
  from space 60416K, 95% used [0x00000007bc500000,0x00000007bfd8ee38,0x00000007c0000000)
  to   space 66560K, 0% used [0x00000007b7e00000,0x00000007b7e00000,0x00000007bbf00000)
 ParOldGen       total 343040K, used 78362K [0x00000005caa00000, 0x00000005df900000, 0x0000000718e00000)
  object space 343040K, 22% used [0x00000005caa00000,0x00000005cf686998,0x00000005df900000)
 Metaspace       used 5919K, capacity 6150K, committed 6528K, reserved 1056768K
  class space    used 671K, capacity 772K, committed 896K, reserved 1048576K
Event: 11.661 GC heap after
Heap after GC invocations=11 (full 0):
 PSYoungGen      total 2671616K, used 37216K [0x0000000718e00000, 0x00000007c0000000, 0x00000007c0000000)
  eden space 2605056K, 0% used [0x0000000718e00000,0x0000000718e00000,0x00000007b7e00000)
  from space 66560K, 55% used [0x00000007b7e00000,0x00000007ba258030,0x00000007bbf00000)
  to   space 64000K, 0% used [0x00000007bc180000,0x00000007bc180000,0x00000007c0000000)
 ParOldGen       total 343040K, used 136277K [0x00000005caa00000, 0x00000005df900000, 0x0000000718e00000)
  object space 343040K, 39% used [0x00000005caa00000,0x00000005d2f157b0,0x00000005df900000)
 Metaspace       used 5919K, capacity 6150K, committed 6528K, reserved 1056768K
  class space    used 671K, capacity 772K, committed 896K, reserved 1048576K
}
Event: 14.296 GC heap before
{Heap before GC invocations=12 (full 0):
 PSYoungGen      total 2671616K, used 2642272K [0x0000000718e00000, 0x00000007c0000000, 0x00000007c0000000)
  eden space 2605056K, 100% used [0x0000000718e00000,0x00000007b7e00000,0x00000007b7e00000)
  from space 66560K, 55% used [0x00000007b7e00000,0x00000007ba258030,0x00000007bbf00000)
  to   space 64000K, 0% used [0x00000007bc180000,0x00000007bc180000,0x00000007c0000000)
 ParOldGen       total 343040K, used 136277K [0x00000005caa00000, 0x00000005df900000, 0x0000000718e00000)
  object space 343040K, 39% used [0x00000005caa00000,0x00000005d2f157b0,0x00000005df900000)
 Metaspace       used 5919K, capacity 6150K, committed 6528K, reserved 1056768K
  class space    used 671K, capacity 772K, committed 896K, reserved 1048576K
Event: 14.346 GC heap after
Heap after GC invocations=12 (full 0):
 PSYoungGen      total 2663936K, used 36761K [0x0000000718e00000, 0x00000007bf880000, 0x00000007c0000000)
  eden space 2607616K, 0% used [0x0000000718e00000,0x0000000718e00000,0x00000007b8080000)
  from space 56320K, 65% used [0x00000007bc180000,0x00000007be566520,0x00000007bf880000)
  to   space 61440K, 0% used [0x00000007b8080000,0x00000007b8080000,0x00000007bbc80000)
 ParOldGen       total 343040K, used 173573K [0x00000005caa00000, 0x00000005df900000, 0x0000000718e00000)
  object space 343040K, 50% used [0x00000005caa00000,0x00000005d53817e0,0x00000005df900000)
 Metaspace       used 5919K, capacity 6150K, committed 6528K, reserved 1056768K
  class space    used 671K, capacity 772K, committed 896K, reserved 1048576K
}
Event: 16.973 GC heap before
{Heap before GC invocations=13 (full 0):
 PSYoungGen      total 2663936K, used 2644377K [0x0000000718e00000, 0x00000007bf880000, 0x00000007c0000000)
  eden space 2607616K, 100% used [0x0000000718e00000,0x00000007b8080000,0x00000007b8080000)
  from space 56320K, 65% used [0x00000007bc180000,0x00000007be566520,0x00000007bf880000)
  to   space 61440K, 0% used [0x00000007b8080000,0x00000007b8080000,0x00000007bbc80000)
 ParOldGen       total 343040K, used 173573K [0x00000005caa00000, 0x00000005df900000, 0x0000000718e00000)
  object space 343040K, 50% used [0x00000005caa00000,0x00000005d53817e0,0x00000005df900000)
 Metaspace       used 5919K, capacity 6150K, committed 6528K, reserved 1056768K
  class space    used 671K, capacity 772K, committed 896K, reserved 1048576K
Event: 17.010 GC heap after
Heap after GC invocations=13 (full 0):
 PSYoungGen      total 2669056K, used 36864K [0x0000000718e00000, 0x00000007c0000000, 0x00000007c0000000)
  eden space 2607616K, 0% used [0x0000000718e00000,0x0000000718e00000,0x00000007b8080000)
  from space 61440K, 60% used [0x00000007b8080000,0x00000007ba480010,0x00000007bbc80000)
  to   space 58880K, 0% used [0x00000007bc680000,0x00000007bc680000,0x00000007c0000000)
 ParOldGen       total 343040K, used 210383K [0x00000005caa00000, 0x00000005df900000, 0x0000000718e00000)
  object space 343040K, 61% used [0x00000005caa00000,0x00000005d7773d00,0x00000005df900000)
 Metaspace       used 5919K, capacity 6150K, committed 6528K, reserved 1056768K
  class space    used 671K, capacity 772K, committed 896K, reserved 1048576K
}
Event: 728.102 GC heap before
{Heap before GC invocations=14 (full 0):
 PSYoungGen      total 2669056K, used 2644480K [0x0000000718e00000, 0x00000007c0000000, 0x00000007c0000000)
  eden space 2607616K, 100% used [0x0000000718e00000,0x00000007b8080000,0x00000007b8080000)
  from space 61440K, 60% used [0x00000007b8080000,0x00000007ba480010,0x00000007bbc80000)
  to   space 58880K, 0% used [0x00000007bc680000,0x00000007bc680000,0x00000007c0000000)
 ParOldGen       total 343040K, used 210383K [0x00000005caa00000, 0x00000005df900000, 0x0000000718e00000)
  object space 343040K, 61% used [0x00000005caa00000,0x00000005d7773d00,0x00000005df900000)
 Metaspace       used 16374K, capacity 16620K, committed 16896K, reserved 1064960K
  class space    used 1907K, capacity 1996K, committed 2048K, reserved 1048576K
Event: 728.186 GC heap after
Heap after GC invocations=14 (full 0):
 PSYoungGen      total 2637312K, used 58870K [0x0000000718e00000, 0x00000007c0000000, 0x00000007c0000000)
  eden space 2578432K, 0% used [0x0000000718e00000,0x0000000718e00000,0x00000007b6400000)
  from space 58880K, 99% used [0x00000007bc680000,0x00000007bfffd820,0x00000007c0000000)
  to   space 79872K, 0% used [0x00000007b6400000,0x00000007b6400000,0x00000007bb200000)
 ParOldGen       total 343040K, used 250285K [0x00000005caa00000, 0x00000005df900000, 0x0000000718e00000)
  object space 343040K, 72% used [0x00000005caa00000,0x00000005d9e6b648,0x00000005df900000)
 Metaspace       used 16374K, capacity 16620K, committed 16896K, reserved 1064960K
  class space    used 1907K, capacity 1996K, committed 2048K, reserved 1048576K
}

